0 info it worked if it ends with ok
1 verbose cli [ '/Users/serabak/.nvm/versions/node/v6.9.1/bin/node',
1 verbose cli   '/Users/serabak/.nvm/versions/node/v6.9.1/bin/npm',
1 verbose cli   'publish' ]
2 info using npm@3.10.8
3 info using node@v6.9.1
4 verbose publish [ '.' ]
5 silly cache add args [ '.', null ]
6 verbose cache add spec .
7 silly cache add parsed spec Result {
7 silly cache add   raw: '.',
7 silly cache add   scope: null,
7 silly cache add   escapedName: null,
7 silly cache add   name: null,
7 silly cache add   rawSpec: '.',
7 silly cache add   spec: '/Users/serabak/Workspace/Tutorials/publish-npm-packages/sensitive-words',
7 silly cache add   type: 'directory' }
8 verbose addLocalDirectory /Users/serabak/.npm/sensitive-words/1.0.0/package.tgz not in flight; packing
9 verbose correctMkdir /Users/serabak/.npm correctMkdir not in flight; initializing
10 info lifecycle sensitive-words@1.0.0~prepublish: sensitive-words@1.0.0
11 verbose lifecycle sensitive-words@1.0.0~prepublish: unsafe-perm in lifecycle true
12 verbose lifecycle sensitive-words@1.0.0~prepublish: PATH: /Users/serabak/.nvm/versions/node/v6.9.1/lib/node_modules/npm/bin/node-gyp-bin:/Users/serabak/Workspace/Tutorials/publish-npm-packages/sensitive-words/node_modules/.bin:/Users/serabak/.nvm/versions/node/v6.9.1/bin:/Users/serabak/.rvm/gems/ruby-2.1.10/bin:/Users/serabak/.rvm/gems/ruby-2.1.10@global/bin:/Users/serabak/.rvm/rubies/ruby-2.1.10/bin:/usr/local/bin:/usr/local/sbin:/usr/bin:/bin:/usr/sbin:/sbin:/Users/serabak/.rvm/gems/ruby-2.1.10/bin:/Users/serabak/.rvm/gems/ruby-2.1.10@global/bin:/Users/serabak/.rvm/rubies/ruby-2.1.10/bin:/Users/serabak/.rvm/bin:/Users/serabak/.rvm/bin
13 verbose lifecycle sensitive-words@1.0.0~prepublish: CWD: /Users/serabak/Workspace/Tutorials/publish-npm-packages/sensitive-words
14 silly lifecycle sensitive-words@1.0.0~prepublish: Args: [ '-c', 'npm run build' ]
15 silly lifecycle sensitive-words@1.0.0~prepublish: Returned: code: 0  signal: null
16 verbose tar pack [ '/Users/serabak/.npm/sensitive-words/1.0.0/package.tgz',
16 verbose tar pack   '/Users/serabak/Workspace/Tutorials/publish-npm-packages/sensitive-words' ]
17 verbose tarball /Users/serabak/.npm/sensitive-words/1.0.0/package.tgz
18 verbose folder /Users/serabak/Workspace/Tutorials/publish-npm-packages/sensitive-words
19 verbose addLocalTarball adding from inside cache /Users/serabak/.npm/sensitive-words/1.0.0/package.tgz
20 verbose correctMkdir /Users/serabak/.npm correctMkdir not in flight; initializing
21 silly cache afterAdd sensitive-words@1.0.0
22 verbose afterAdd /Users/serabak/.npm/sensitive-words/1.0.0/package/package.json not in flight; writing
23 verbose correctMkdir /Users/serabak/.npm correctMkdir not in flight; initializing
24 verbose afterAdd /Users/serabak/.npm/sensitive-words/1.0.0/package/package.json written
25 silly publish { name: 'sensitive-words',
25 silly publish   version: '1.0.0',
25 silly publish   description: 'Filter out a list of sensitive words',
25 silly publish   main: 'build/index.js',
25 silly publish   scripts:
25 silly publish    { dev: 'watch \'npm run build\' src',
25 silly publish      build: 'babel src -d build',
25 silly publish      test: 'jest',
25 silly publish      'test:watch': 'npm test -- --watch',
25 silly publish      prepublish: 'npm run build' },
25 silly publish   babel: { presets: [ 'latest' ] },
25 silly publish   repository:
25 silly publish    { type: 'git',
25 silly publish      url: 'git+https://github.com/serabakpak/sensitive-words.git' },
25 silly publish   keywords: [ 'filter', 'filtering', 'sensitive', 'words' ],
25 silly publish   author: { name: 'Sera Bak' },
25 silly publish   license: 'ISC',
25 silly publish   bugs: { url: 'https://github.com/serabakpak/sensitive-words/issues' },
25 silly publish   homepage: 'https://github.com/serabakpak/sensitive-words#readme',
25 silly publish   devDependencies:
25 silly publish    { 'babel-cli': '^6.26.0',
25 silly publish      'babel-preset-latest': '^6.24.1',
25 silly publish      jest: '^21.2.1',
25 silly publish      watch: '^1.0.2' },
25 silly publish   readme: '# Example\n```shell\n$ npm i sensitive-words --save\n```\n\n```js\nconst { sensitiveWords } = require(\'sensitive-words\');\n\n// 2015 modules\nimport { sensitiveWords } from \'sensitive-words\');\n\nconst filtered = sensitiveWords(\n  \'The new Apple macbook Pro will have a touchbar.\',\n  [\'pro\', \'touchbar\']\n);\n\nconsole.log(filtered);\n// The new apple macbook *** will have a ***.\n```\n\n# Scripts\n`npm run build` = `babel src -d build` (compiles src dir --> build dir)\n\n`npm run dev` = `watch \'npm run build\' src`, (run build whenever src dir changes)\n\n# Misc\n`prepublish` = `npm run build` (this ensures that we have the latest build every time we run `npm publish`)\n',
25 silly publish   readmeFilename: 'README.md',
25 silly publish   gitHead: '7b5af059157933b11059ffb276f8c2f6e9de1185',
25 silly publish   _id: 'sensitive-words@1.0.0',
25 silly publish   _shasum: 'f1db155d36fa910ae3374b450ec56e3c3aa2bd2b',
25 silly publish   _from: '.' }
26 verbose getPublishConfig undefined
27 silly mapToRegistry name sensitive-words
28 silly mapToRegistry using default registry
29 silly mapToRegistry registry https://registry.npmjs.org/
30 silly mapToRegistry data Result {
30 silly mapToRegistry   raw: 'sensitive-words',
30 silly mapToRegistry   scope: null,
30 silly mapToRegistry   escapedName: 'sensitive-words',
30 silly mapToRegistry   name: 'sensitive-words',
30 silly mapToRegistry   rawSpec: '',
30 silly mapToRegistry   spec: 'latest',
30 silly mapToRegistry   type: 'tag' }
31 silly mapToRegistry uri https://registry.npmjs.org/sensitive-words
32 verbose publish registryBase https://registry.npmjs.org/
33 silly publish uploading /Users/serabak/.npm/sensitive-words/1.0.0/package.tgz
34 verbose request uri https://registry.npmjs.org/sensitive-words
35 verbose request sending authorization for write operation
36 info attempt registry request try #1 at 11:38:32 AM
37 verbose request using bearer token for auth
38 verbose request id ba033b1b573db482
39 http request PUT https://registry.npmjs.org/sensitive-words
40 http 403 https://registry.npmjs.org/sensitive-words
41 verbose headers { 'content-type': 'application/json',
41 verbose headers   'cache-control': 'max-age=300',
41 verbose headers   'content-length': '109',
41 verbose headers   'accept-ranges': 'bytes',
41 verbose headers   date: 'Thu, 09 Nov 2017 19:38:33 GMT',
41 verbose headers   via: '1.1 varnish',
41 verbose headers   connection: 'keep-alive',
41 verbose headers   'x-served-by': 'cache-sjc3147-SJC',
41 verbose headers   'x-cache': 'MISS',
41 verbose headers   'x-cache-hits': '0',
41 verbose headers   'x-timer': 'S1510256313.917091,VS0,VE157',
41 verbose headers   vary: 'Accept-Encoding, Accept' }
42 verbose request invalidating /Users/serabak/.npm/registry.npmjs.org/sensitive-words on PUT
43 error publish Failed PUT 403
44 verbose stack Error: You do not have permission to publish "sensitive-words". Are you logged in as the correct user? : sensitive-words
44 verbose stack     at makeError (/Users/serabak/.nvm/versions/node/v6.9.1/lib/node_modules/npm/node_modules/npm-registry-client/lib/request.js:302:12)
44 verbose stack     at CachingRegistryClient.<anonymous> (/Users/serabak/.nvm/versions/node/v6.9.1/lib/node_modules/npm/node_modules/npm-registry-client/lib/request.js:290:14)
44 verbose stack     at Request._callback (/Users/serabak/.nvm/versions/node/v6.9.1/lib/node_modules/npm/node_modules/npm-registry-client/lib/request.js:210:14)
44 verbose stack     at Request.self.callback (/Users/serabak/.nvm/versions/node/v6.9.1/lib/node_modules/npm/node_modules/request/request.js:187:22)
44 verbose stack     at emitTwo (events.js:106:13)
44 verbose stack     at Request.emit (events.js:191:7)
44 verbose stack     at Request.<anonymous> (/Users/serabak/.nvm/versions/node/v6.9.1/lib/node_modules/npm/node_modules/request/request.js:1044:10)
44 verbose stack     at emitOne (events.js:96:13)
44 verbose stack     at Request.emit (events.js:188:7)
44 verbose stack     at IncomingMessage.<anonymous> (/Users/serabak/.nvm/versions/node/v6.9.1/lib/node_modules/npm/node_modules/request/request.js:965:12)
45 verbose statusCode 403
46 verbose pkgid sensitive-words
47 verbose cwd /Users/serabak/Workspace/Tutorials/publish-npm-packages/sensitive-words
48 error Darwin 16.7.0
49 error argv "/Users/serabak/.nvm/versions/node/v6.9.1/bin/node" "/Users/serabak/.nvm/versions/node/v6.9.1/bin/npm" "publish"
50 error node v6.9.1
51 error npm  v3.10.8
52 error code E403
53 error You do not have permission to publish "sensitive-words". Are you logged in as the correct user? : sensitive-words
54 error If you need help, you may report this error at:
54 error     <https://github.com/npm/npm/issues>
55 verbose exit [ 1, true ]
